\BOOKMARK [1][-]{section.1}{\376\377\060\277\060\244\060\277\060\313\060\303\060\257\123\367}{}% 1
\BOOKMARK [2][-]{subsection.1.1}{\376\377\116\127\202\071\156\057}{section.1}% 2
\BOOKMARK [2][-]{subsection.1.2}{\376\377\000I\000n\000i\000t}{section.1}% 3
\BOOKMARK [2][-]{subsection.1.3}{\376\377\000L\000o\000a\000d}{section.1}% 4
\BOOKMARK [2][-]{subsection.1.4}{\376\377\060\307\060\374\060\277\060\156\151\330\133\120}{section.1}% 5
\BOOKMARK [2][-]{subsection.1.5}{\376\377\153\040\144\015\120\044}{section.1}% 6
\BOOKMARK [1][-]{section.2}{\376\377\123\130\131\011\221\317\122\006\147\220}{}% 7
\BOOKMARK [2][-]{subsection.2.1}{\376\377\214\352\166\204\131\011\145\160}{section.2}% 8
\BOOKMARK [2][-]{subsection.2.2}{\376\377\221\317\166\204\131\011\145\160}{section.2}% 9
\BOOKMARK [2][-]{subsection.2.3}{\376\377\214\352\166\204\131\011\145\160\060\156\150\322\060\260\060\351\060\325}{section.2}% 10
\BOOKMARK [2][-]{subsection.2.4}{\376\377\221\317\166\204\131\011\145\160\060\156\060\322\060\271\060\310\060\260\060\351\060\340}{section.2}% 11
\BOOKMARK [1][-]{section.3}{\376\377\131\032\131\011\221\317\122\006\147\220}{}% 12
\BOOKMARK [2][-]{subsection.3.1}{\376\377\214\352\166\204\131\011\145\160\377\032\060\156\172\115\060\177\116\012\060\122\150\322\060\260\060\351\060\325}{section.3}% 13
\BOOKMARK [2][-]{subsection.3.2}{\376\377\221\317\166\204\131\011\145\160\377\032\0001\0000\0000\377\005\172\115\060\177\116\012\060\122\150\322\060\260\060\351\060\325}{section.3}% 14
\BOOKMARK [2][-]{subsection.3.3}{\376\377\221\317\166\204\131\011\145\160\377\032\060\322\060\271\060\310\060\260\060\351\060\340}{section.3}% 15
\BOOKMARK [2][-]{subsection.3.4}{\376\377\221\317\166\204\131\011\145\160\377\032\0001\0000\0000\377\005\172\115\060\177\116\012\060\122\150\322\060\260\060\351\060\325}{section.3}% 16
\BOOKMARK [2][-]{subsection.3.5}{\376\377\173\261\060\322\060\262\126\363}{section.3}% 17
\BOOKMARK [2][-]{subsection.3.6}{\376\377\145\143\136\003\126\363}{section.3}% 18
\BOOKMARK [2][-]{subsection.3.7}{\376\377\166\370\225\242\117\302\145\160}{section.3}% 19
\BOOKMARK [2][-]{subsection.3.8}{\376\377\116\046\210\114\136\247\152\031\060\327\060\355\060\303\060\310}{section.3}% 20
